<?xml version="1.0" encoding="UTF-8"?>
<testsuite xmlns:xsi="http://www.w3.org/2001/XMLSchema-instance" xsi:noNamespaceSchemaLocation="https://maven.apache.org/surefire/maven-surefire-plugin/xsd/surefire-test-report-3.0.xsd" version="3.0" name="com.codecrafthub.CodecrafthubApplicationTests" time="3.786" tests="1" errors="0" skipped="0" failures="0">
  <properties>
[...]
</properties>
  <testcase name="contextLoads" classname="com.codecrafthub.CodecrafthubApplicationTests" time="1.193">
    <system-out><![CDATA[15:55:50.753 [main] INFO org.springframework.test.context.support.AnnotationConfigContextLoaderUtils -- Could not detect default configuration classes for test class [com.codecrafthub.CodecrafthubApplicationTests]: CodecrafthubApplicationTests does not declare any static, non-private, non-final, nested classes annotated with @Configuration.
15:55:50.902 [main] INFO org.springframework.boot.test.context.SpringBootTestContextBootstrapper -- Found @SpringBootConfiguration com.codecrafthub.CodeCraftHubApplication for test class com.codecrafthub.CodecrafthubApplicationTests

  .   ____          _            __ _ _
 /\\ / ___'_ __ _ _(_)_ __  __ _ \ \ \ \
( ( )\___ | '_ | '_| | '_ \/ _` | \ \ \ \
 \\/  ___)| |_)| | | | | || (_| |  ) ) ) )
  '  |____| .__|_| |_|_| |_\__, | / / / /
 =========|_|==============|___/=/_/_/_/
 :: Spring Boot ::                (v3.2.0)

2026-04-24T15:55:51.498+03:00  INFO 22016 --- [codecrafthub] [           main] c.c.CodecrafthubApplicationTests         : Starting CodecrafthubApplicationTests using Java 21.0.10 with PID 22016 (started by labeb in C:\Users\labeb\.vscode\CodeCraftHub\codecrafthub)
2026-04-24T15:55:51.499+03:00  INFO 22016 --- [codecrafthub] [           main] c.c.CodecrafthubApplicationTests         : No active profile set, falling back to 1 default profile: "default"
2026-04-24T15:55:52.667+03:00  INFO 22016 --- [codecrafthub] [           main] o.s.b.a.w.s.WelcomePageHandlerMapping    : Adding welcome page: class path resource [static/index.html]
2026-04-24T15:55:53.059+03:00  INFO 22016 --- [codecrafthub] [           main] c.c.CodecrafthubApplicationTests         : Started CodecrafthubApplicationTests in 1.947 seconds (process running for 3.291)
]]></system-out>
    <system-err><![CDATA[WARNING: A Java agent has been loaded dynamically (C:\Users\labeb\.m2\repository\net\bytebuddy\byte-buddy-agent\1.14.10\byte-buddy-agent-1.14.10.jar)
WARNING: If a serviceability tool is in use, please run with -XX:+EnableDynamicAgentLoading to hide this warning
WARNING: If a serviceability tool is not in use, please run with -Djdk.instrument.traceUsage for more information
WARNING: Dynamic loading of agents will be disallowed by default in a future release
]]></system-err>
  </testcase>
</testsuite>